已經開始建置於 2014/12/24 下午 07:57:49。
     1>節點 2 (build 目標) 上的專案 "C:\Users\kirito帆\documents\visual studio 2010\Projects\文字排序\文字排序\文字排序.vcxproj"。
     1>InitializeBuildStatus:
         正在變更時間戳記 "Debug\文字排序.unsuccessfulbuild"。
       ClCompile:
         C:\Program Files (x86)\Microsoft Visual Studio 10.0\VC\bin\CL.exe /c /ZI /nologo /W3 /WX- /Od /Oy- /D WIN32 /D _DEBUG /D _CONSOLE /D _UNICODE /D UNICODE /Gm /EHsc /RTC1 /MDd /GS /fp:precise /Zc:wchar_t /Zc:forScope /Fo"Debug\\" /Fd"Debug\vc100.pdb" /Gd /TP /analyze- /errorReport:prompt 1031430.cpp
         1031430.cpp
     1>c:\users\kirito帆\documents\visual studio 2010\projects\文字排序\文字排序\1031430.cpp(13): warning C4996: 'gets': This function or variable may be unsafe. Consider using gets_s instead. To disable deprecation, use _CRT_SECURE_NO_WARNINGS. See online help for details.
                 c:\program files (x86)\microsoft visual studio 10.0\vc\include\stdio.h(277) : 請參閱 'gets' 的宣告
     1>c:\users\kirito帆\documents\visual studio 2010\projects\文字排序\文字排序\1031430.cpp(14): warning C4996: 'strtok': This function or variable may be unsafe. Consider using strtok_s instead. To disable deprecation, use _CRT_SECURE_NO_WARNINGS. See online help for details.
                 c:\program files (x86)\microsoft visual studio 10.0\vc\include\string.h(197) : 請參閱 'strtok' 的宣告
     1>c:\users\kirito帆\documents\visual studio 2010\projects\文字排序\文字排序\1031430.cpp(17): warning C4996: 'strcpy': This function or variable may be unsafe. Consider using strcpy_s instead. To disable deprecation, use _CRT_SECURE_NO_WARNINGS. See online help for details.
                 c:\program files (x86)\microsoft visual studio 10.0\vc\include\string.h(105) : 請參閱 'strcpy' 的宣告
     1>c:\users\kirito帆\documents\visual studio 2010\projects\文字排序\文字排序\1031430.cpp(18): warning C4996: 'strtok': This function or variable may be unsafe. Consider using strtok_s instead. To disable deprecation, use _CRT_SECURE_NO_WARNINGS. See online help for details.
                 c:\program files (x86)\microsoft visual studio 10.0\vc\include\string.h(197) : 請參閱 'strtok' 的宣告
       ManifestResourceCompile:
         所有輸出都是最新的。
       Link:
         C:\Program Files (x86)\Microsoft Visual Studio 10.0\VC\bin\link.exe /ERRORREPORT:PROMPT /OUT:"C:\Users\kirito帆\documents\visual studio 2010\Projects\文字排序\Debug\文字排序.exe" /INCREMENTAL /NOLOGO kernel32.lib user32.lib gdi32.lib winspool.lib comdlg32.lib advapi32.lib shell32.lib ole32.lib oleaut32.lib uuid.lib odbc32.lib odbccp32.lib /MANIFEST /ManifestFile:"Debug\文字排序.exe.intermediate.manifest" /MANIFESTUAC:"level='asInvoker' uiAccess='false'" /DEBUG /PDB:"C:\Users\kirito帆\documents\visual studio 2010\Projects\文字排序\Debug\文字排序.pdb" /SUBSYSTEM:CONSOLE /TLBID:1 /DYNAMICBASE /NXCOMPAT /IMPLIB:"C:\Users\kirito帆\documents\visual studio 2010\Projects\文字排序\Debug\文字排序.lib" /MACHINE:X86 "Debug\文字排序.exe.embed.manifest.res"
         Debug\1031430.obj
       Manifest:
         C:\Program Files (x86)\Microsoft SDKs\Windows\v7.0A\bin\mt.exe /nologo /verbose /out:"Debug\文字排序.exe.embed.manifest" /manifest "Debug\文字排序.exe.intermediate.manifest"
         所有輸出都是最新的。
       LinkEmbedManifest:
         所有輸出都是最新的。
         文字排序.vcxproj -> C:\Users\kirito帆\documents\visual studio 2010\Projects\文字排序\Debug\文字排序.exe
       FinalizeBuildStatus:
         正在刪除檔案 "Debug\文字排序.unsuccessfulbuild"。
         正在變更時間戳記 "Debug\文字排序.lastbuildstate"。
     1>專案 "C:\Users\kirito帆\documents\visual studio 2010\Projects\文字排序\文字排序\文字排序.vcxproj" (build 目標) 建置完成。

建置成功。

經過時間 00:00:00.63
