已經開始建置於 2014/11/1 下午 03:17:47。
     1>節點 2 (build 目標) 上的專案 "c:\Users\kirito帆\documents\visual studio 2010\Projects\猜數字 for version\猜數字 for version\猜數字 for version.vcxproj"。
     1>InitializeBuildStatus:
         由於指定了 "AlwaysCreate"，因此正在建立 "Debug\猜數字 for version.unsuccessfulbuild"。
       ClCompile:
         C:\Program Files (x86)\Microsoft Visual Studio 10.0\VC\bin\CL.exe /c /ZI /nologo /W3 /WX- /Od /Oy- /D WIN32 /D _DEBUG /D _CONSOLE /D _UNICODE /D UNICODE /Gm /EHsc /RTC1 /MDd /GS /fp:precise /Zc:wchar_t /Zc:forScope /Fo"Debug\\" /Fd"Debug\vc100.pdb" /Gd /TP /analyze- /errorReport:prompt 1031430.cpp
         1031430.cpp
     1>c:\users\kirito帆\documents\visual studio 2010\projects\猜數字 for version\猜數字 for version\1031430.cpp(9): warning C4244: '引數' : 將 'time_t' 轉換為 'unsigned int'，由於型別不同，可能導致資料遺失
       ManifestResourceCompile:
         所有輸出都是最新的。
       Link:
         C:\Program Files (x86)\Microsoft Visual Studio 10.0\VC\bin\link.exe /ERRORREPORT:PROMPT /OUT:"c:\users\kirito帆\documents\visual studio 2010\Projects\猜數字 for version\Debug\猜數字 for version.exe" /INCREMENTAL /NOLOGO kernel32.lib user32.lib gdi32.lib winspool.lib comdlg32.lib advapi32.lib shell32.lib ole32.lib oleaut32.lib uuid.lib odbc32.lib odbccp32.lib /MANIFEST /ManifestFile:"Debug\猜數字 for version.exe.intermediate.manifest" /MANIFESTUAC:"level='asInvoker' uiAccess='false'" /DEBUG /PDB:"c:\users\kirito帆\documents\visual studio 2010\Projects\猜數字 for version\Debug\猜數字 for version.pdb" /SUBSYSTEM:CONSOLE /TLBID:1 /DYNAMICBASE /NXCOMPAT /IMPLIB:"c:\users\kirito帆\documents\visual studio 2010\Projects\猜數字 for version\Debug\猜數字 for version.lib" /MACHINE:X86 "Debug\猜數字 for version.exe.embed.manifest.res"
         Debug\1031430.obj
       Manifest:
         C:\Program Files (x86)\Microsoft SDKs\Windows\v7.0A\bin\mt.exe /nologo /verbose /out:"Debug\猜數字 for version.exe.embed.manifest" /manifest "Debug\猜數字 for version.exe.intermediate.manifest"
         所有輸出都是最新的。
       LinkEmbedManifest:
         所有輸出都是最新的。
         猜數字 for version.vcxproj -> c:\users\kirito帆\documents\visual studio 2010\Projects\猜數字 for version\Debug\猜數字 for version.exe
       FinalizeBuildStatus:
         正在刪除檔案 "Debug\猜數字 for version.unsuccessfulbuild"。
         正在變更時間戳記 "Debug\猜數字 for version.lastbuildstate"。
     1>專案 "c:\Users\kirito帆\documents\visual studio 2010\Projects\猜數字 for version\猜數字 for version\猜數字 for version.vcxproj" (build 目標) 建置完成。

建置成功。

經過時間 00:00:00.74
