已經開始建置於 2014/10/23 上午 09:15:06。
     1>節點 2 (build 目標) 上的專案 "C:\Users\kirito帆\documents\visual studio 2010\Projects\bubble sort\bubble sort\bubble sort.vcxproj"。
     1>InitializeBuildStatus:
         由於指定了 "AlwaysCreate"，因此正在建立 "Debug\bubble sort.unsuccessfulbuild"。
       ClCompile:
         C:\Program Files (x86)\Microsoft Visual Studio 10.0\VC\bin\CL.exe /c /ZI /nologo /W3 /WX- /Od /Oy- /D WIN32 /D _DEBUG /D _CONSOLE /D _UNICODE /D UNICODE /Gm /EHsc /RTC1 /MDd /GS /fp:precise /Zc:wchar_t /Zc:forScope /Fo"Debug\\" /Fd"Debug\vc100.pdb" /Gd /TP /analyze- /errorReport:prompt 1031430.cpp
         1031430.cpp
     1>c:\users\kirito帆\documents\visual studio 2010\projects\bubble sort\bubble sort\1031430.cpp(25): warning C4101: 'i' : 未參考的區域變數
       ManifestResourceCompile:
         所有輸出都是最新的。
       Link:
         C:\Program Files (x86)\Microsoft Visual Studio 10.0\VC\bin\link.exe /ERRORREPORT:PROMPT /OUT:"C:\Users\kirito帆\documents\visual studio 2010\Projects\bubble sort\Debug\bubble sort.exe" /INCREMENTAL /NOLOGO kernel32.lib user32.lib gdi32.lib winspool.lib comdlg32.lib advapi32.lib shell32.lib ole32.lib oleaut32.lib uuid.lib odbc32.lib odbccp32.lib /MANIFEST /ManifestFile:"Debug\bubble sort.exe.intermediate.manifest" /MANIFESTUAC:"level='asInvoker' uiAccess='false'" /DEBUG /PDB:"C:\Users\kirito帆\documents\visual studio 2010\Projects\bubble sort\Debug\bubble sort.pdb" /SUBSYSTEM:CONSOLE /TLBID:1 /DYNAMICBASE /NXCOMPAT /IMPLIB:"C:\Users\kirito帆\documents\visual studio 2010\Projects\bubble sort\Debug\bubble sort.lib" /MACHINE:X86 "Debug\bubble sort.exe.embed.manifest.res"
         Debug\1031430.obj
       Manifest:
         C:\Program Files (x86)\Microsoft SDKs\Windows\v7.0A\bin\mt.exe /nologo /verbose /out:"Debug\bubble sort.exe.embed.manifest" /manifest "Debug\bubble sort.exe.intermediate.manifest"
         所有輸出都是最新的。
       LinkEmbedManifest:
         所有輸出都是最新的。
         bubble sort.vcxproj -> C:\Users\kirito帆\documents\visual studio 2010\Projects\bubble sort\Debug\bubble sort.exe
       FinalizeBuildStatus:
         正在刪除檔案 "Debug\bubble sort.unsuccessfulbuild"。
         正在變更時間戳記 "Debug\bubble sort.lastbuildstate"。
     1>專案 "C:\Users\kirito帆\documents\visual studio 2010\Projects\bubble sort\bubble sort\bubble sort.vcxproj" (build 目標) 建置完成。

建置成功。

經過時間 00:00:01.40
